<?xml version="1.0" encoding="UTF-8"?>
<!-- Generated by org.testng.reporters.JUnitReportReporter -->
<testsuite hostname="LAPTOP-ITA0MG69" name="com.contactsApp.testCases.addContactPageTest" tests="21" failures="0" timestamp="30 Mar 2021 18:15:03 GMT" time="268.110" errors="0">
  <testcase name="addNewContactTest" time="12.210" classname="com.contactsApp.testCases.addContactPageTest"/>
  <testcase name="addNewContactTest" time="12.248" classname="com.contactsApp.testCases.addContactPageTest"/>
  <testcase name="addNewContactTest" time="13.126" classname="com.contactsApp.testCases.addContactPageTest"/>
  <testcase name="addNewContactTest" time="12.191" classname="com.contactsApp.testCases.addContactPageTest"/>
  <testcase name="addNewContactTest" time="13.497" classname="com.contactsApp.testCases.addContactPageTest"/>
  <testcase name="addNewContactTest" time="12.058" classname="com.contactsApp.testCases.addContactPageTest"/>
  <testcase name="addNewContactTest" time="13.700" classname="com.contactsApp.testCases.addContactPageTest"/>
  <testcase name="addNewContactTest" time="12.466" classname="com.contactsApp.testCases.addContactPageTest"/>
  <testcase name="addNewContactTest" time="12.246" classname="com.contactsApp.testCases.addContactPageTest"/>
  <testcase name="addNewContactTest" time="12.532" classname="com.contactsApp.testCases.addContactPageTest"/>
  <testcase name="addNewContactTest" time="12.381" classname="com.contactsApp.testCases.addContactPageTest"/>
  <testcase name="addNewContactTest" time="12.479" classname="com.contactsApp.testCases.addContactPageTest"/>
  <testcase name="addNewContactTest" time="13.251" classname="com.contactsApp.testCases.addContactPageTest"/>
  <testcase name="addNewContactTest" time="12.504" classname="com.contactsApp.testCases.addContactPageTest"/>
  <testcase name="addNewContactTest" time="13.465" classname="com.contactsApp.testCases.addContactPageTest"/>
  <testcase name="addNewContactTest" time="12.809" classname="com.contactsApp.testCases.addContactPageTest"/>
  <testcase name="addNewContactTest" time="12.650" classname="com.contactsApp.testCases.addContactPageTest"/>
  <testcase name="addNewContactTest" time="15.344" classname="com.contactsApp.testCases.addContactPageTest"/>
  <testcase name="addNewContactTest" time="12.426" classname="com.contactsApp.testCases.addContactPageTest"/>
  <testcase name="addNewContactTest" time="12.326" classname="com.contactsApp.testCases.addContactPageTest"/>
  <testcase name="addNewContactTest" time="12.201" classname="com.contactsApp.testCases.addContactPageTest"/>
</testsuite> <!-- com.contactsApp.testCases.addContactPageTest -->
